2018-05-13 21:31:59,620 - access.log - INFO - user alex just logged in
2018-05-15 21:10:16,785 - access.log - INFO - user alex just logged in
2018-05-15 21:12:14,728 - access.log - INFO - user alex just logged in
2018-05-15 21:36:06,548 - access.log - INFO - user alex just logged in
2018-05-15 21:36:53,789 - access.log - INFO - user alex just logged in
2018-05-15 21:48:31,658 - access.log - INFO - user alex just logged in
2018-05-15 21:51:46,286 - access.log - INFO - user alex just logged in
2018-05-15 21:52:12,384 - access.log - INFO - user alex just logged in
2018-05-15 21:53:07,113 - access.log - INFO - user alex just logged in
2018-05-15 21:53:33,839 - access.log - INFO - user alex just logged in
2018-05-15 21:53:50,447 - access.log - INFO - user alex just logged in
2018-05-15 21:54:31,669 - access.log - INFO - user alex just logged in
2018-05-15 21:55:01,302 - access.log - INFO - user alex just logged in
2018-05-15 21:55:31,826 - access.log - INFO - user alex just logged in
2018-05-15 22:15:52,303 - access.log - INFO - user alex just logged in
2018-05-15 22:16:42,112 - access.log - INFO - user alex just logged in
2018-05-15 22:19:49,611 - access.log - INFO - user alex just logged in
2018-05-15 22:25:44,844 - access.log - INFO - user alex just logged in
2018-05-16 15:19:15,035 - access.log - INFO - user alex just logged in
2018-05-16 15:20:15,279 - access.log - INFO - user alex just logged in
2018-05-16 17:20:51,285 - access.log - INFO - user alex just logged in
2018-05-16 17:22:00,645 - access.log - INFO - userad tried wrong password reach 3 times
2018-05-16 17:22:48,842 - access.log - INFO - user - alex just logged in
2018-05-16 17:24:02,633 - access.log - INFO - user - alex just logged in
2018-05-16 17:24:08,296 - access.log - INFO - 查看用户alex信息
2018-05-16 17:28:58,801 - access.log - INFO - user - alex just logged in
2018-05-16 17:46:22,435 - access.log - INFO - user - alex just logged in
2018-05-16 17:47:08,887 - access.log - INFO - 查看用户alex信息
2018-05-16 17:48:59,508 - access.log - INFO - user - alex just logged in
2018-05-16 17:49:03,074 - access.log - INFO - 查看用户alex信息
2018-05-16 17:51:23,342 - access.log - INFO - user - alex just logged in
2018-05-16 17:56:23,923 - access.log - INFO - user - alex just logged in
2018-05-16 17:56:50,918 - access.log - INFO - user - alex just logged in
2018-05-16 17:57:28,067 - access.log - INFO - user - alex just logged in
2018-05-16 21:40:36,391 - access.log - INFO - user - alex just logged in
2018-05-16 21:41:09,337 - access.log - INFO - 添加账户666
2018-05-16 21:41:17,965 - access.log - INFO - 锁定账户名666
2018-05-16 22:03:41,301 - access.log - INFO - user - luffy just logged in
2018-05-16 22:04:32,494 - access.log - INFO - 添加账户-233
2018-05-16 22:04:38,447 - access.log - INFO - 冻结账户名-233
2018-05-16 22:04:59,386 - access.log - INFO - user - 233 just logged in
2018-05-16 22:06:28,286 - access.log - INFO - 冻结账户名-233
2018-05-16 22:07:02,930 - access.log - INFO - user - alex just logged in
2018-05-16 22:07:07,959 - access.log - INFO - 冻结账户名-233
2018-05-16 22:07:13,009 - access.log - INFO - 冻结账户名-666
2018-05-16 22:07:37,736 - access.log - INFO - user - 233 just logged in
2018-05-16 22:08:11,595 - access.log - INFO - user - 233 just logged in
2018-05-16 22:18:41,403 - access.log - INFO - user - alex just logged in
2018-05-16 22:58:18,624 - access.log - INFO - user - alex just logged in
2018-05-16 22:59:53,476 - access.log - INFO - user - alex just logged in
2018-05-16 23:02:10,093 - access.log - INFO - user - alex just logged in
2018-05-17 07:47:51,380 - access.log - INFO - user - alex just logged in
2018-05-17 07:48:06,302 - access.log - INFO - 添加账户-alex
2018-05-17 07:48:56,990 - access.log - INFO - 添加账户-luffy
2018-05-17 07:49:19,680 - access.log - INFO - 添加账户-233
2018-05-17 07:53:45,419 - access.log - INFO - user - alex just logged in
2018-05-17 08:12:18,990 - access.log - INFO - user - alex just logged in
2018-05-17 08:13:35,282 - access.log - INFO - user - alex just logged in
2018-05-17 08:16:19,247 - access.log - INFO - user - alex just logged in
2018-05-17 08:22:30,633 - access.log - INFO - user - alex just logged in
2018-05-17 08:24:19,229 - access.log - INFO - user - alex just logged in
2018-05-17 08:24:22,347 - access.log - INFO - 查看用户-alex信息
2018-05-17 09:25:22,392 - access.log - INFO - user - alex just logged in
2018-05-17 09:25:33,279 - access.log - INFO - 查看用户-alex信息
2018-05-17 09:43:16,380 - access.log - INFO - user - luffy just logged in
2018-05-17 09:45:37,488 - access.log - INFO - user - luffy just logged in
2018-05-17 10:04:36,027 - access.log - INFO - user - 233 just logged in
2018-05-17 10:18:52,879 - access.log - INFO - user - luffy just logged in
2018-05-17 10:19:07,353 - access.log - INFO - 冻结账户名-233
2018-05-17 10:20:37,614 - access.log - INFO - user - alex just logged in
2018-05-17 10:20:53,318 - access.log - INFO - 添加账户-666
2018-05-17 10:21:10,716 - access.log - INFO - user - 666 just logged in
2018-05-17 14:37:29,653 - access.log - INFO - user - alex just logged in
2018-05-17 14:37:33,539 - access.log - INFO - 查看用户-alex信息
2018-05-17 15:34:25,975 - access.log - INFO - user - alex just logged in
2018-05-17 15:34:30,732 - access.log - INFO - 查看用户-alex信息
2018-05-17 16:21:43,278 - access.log - INFO - user-alex tried wrong password reach 3 times
